  [1m[35m (190.4ms)[0m  [1m[35mCREATE DATABASE "createtsy_development" ENCODING = 'unicode'[0m
  ↳ bin/rails:9
  [1m[35m (97.5ms)[0m  [1m[35mCREATE DATABASE "createtsy_test" ENCODING = 'unicode'[0m
  ↳ bin/rails:9
  [1m[35m (25.3ms)[0m  [1m[35mCREATE TABLE "schema_migrations" ("version" character varying NOT NULL PRIMARY KEY)[0m
  ↳ bin/rails:9
  [1m[35m (6.2ms)[0m  [1m[35mCREATE TABLE "ar_internal_metadata" ("key" character varying NOT NULL PRIMARY KEY, "value" character varying, "created_at" timestamp NOT NULL, "updated_at" timestamp NOT NULL)[0m
  ↳ bin/rails:9
  [1m[35m (0.5ms)[0m  [1m[34mSELECT pg_try_advisory_lock(5235244664921973765)[0m
  ↳ bin/rails:9
  [1m[35m (0.6ms)[0m  [1m[34mSELECT "schema_migrations"."version" FROM "schema_migrations" ORDER BY "schema_migrations"."version" ASC[0m
  ↳ bin/rails:9
Migrating to CreateUsers (20200728021255)
  [1m[35m (0.2ms)[0m  [1m[35mBEGIN[0m
  ↳ bin/rails:9
  [1m[35m (7.7ms)[0m  [1m[35mCREATE TABLE "users" ("id" bigserial primary key, "email" character varying NOT NULL, "first_name" character varying NOT NULL, "password_digest" character varying NOT NULL, "session_token" character varying NOT NULL, "created_at" timestamp NOT NULL, "updated_at" timestamp NOT NULL)[0m
  ↳ db/migrate/20200728021255_create_users.rb:3
  [1m[35m (1.9ms)[0m  [1m[35mCREATE UNIQUE INDEX  "index_users_on_email" ON "users"  ("email")[0m
  ↳ db/migrate/20200728021255_create_users.rb:12
  [1m[35m (2.0ms)[0m  [1m[31mROLLBACK[0m
  ↳ bin/rails:9
  [1m[35m (0.3ms)[0m  [1m[34mSELECT pg_advisory_unlock(5235244664921973765)[0m
  ↳ bin/rails:9
  [1m[35m (0.2ms)[0m  [1m[34mSELECT pg_try_advisory_lock(5235244664921973765)[0m
  ↳ bin/rails:9
  [1m[35m (0.8ms)[0m  [1m[34mSELECT "schema_migrations"."version" FROM "schema_migrations" ORDER BY "schema_migrations"."version" ASC[0m
  ↳ bin/rails:9
Migrating to CreateUsers (20200728021255)
  [1m[35m (0.1ms)[0m  [1m[35mBEGIN[0m
  ↳ bin/rails:9
  [1m[35m (7.5ms)[0m  [1m[35mCREATE TABLE "users" ("id" bigserial primary key, "email" character varying NOT NULL, "first_name" character varying NOT NULL, "password_digest" character varying NOT NULL, "session_token" character varying NOT NULL, "created_at" timestamp NOT NULL, "updated_at" timestamp NOT NULL)[0m
  ↳ db/migrate/20200728021255_create_users.rb:3
  [1m[35m (1.1ms)[0m  [1m[35mCREATE UNIQUE INDEX  "index_users_on_email" ON "users"  ("email")[0m
  ↳ db/migrate/20200728021255_create_users.rb:12
  [1m[35m (0.8ms)[0m  [1m[35mCREATE UNIQUE INDEX  "index_users_on_session_token" ON "users"  ("session_token")[0m
  ↳ db/migrate/20200728021255_create_users.rb:13
  [1m[36mActiveRecord::SchemaMigration Create (0.4ms)[0m  [1m[32mINSERT INTO "schema_migrations" ("version") VALUES ($1) RETURNING "version"[0m  [["version", "20200728021255"]]
  ↳ bin/rails:9
  [1m[35m (0.4ms)[0m  [1m[35mCOMMIT[0m
  ↳ bin/rails:9
  [1m[36mActiveRecord::InternalMetadata Load (4.9ms)[0m  [1m[34mSELECT  "ar_internal_metadata".* FROM "ar_internal_metadata" WHERE "ar_internal_metadata"."key" = $1 LIMIT $2[0m  [["key", "environment"], ["LIMIT", 1]]
  ↳ bin/rails:9
  [1m[35m (0.1ms)[0m  [1m[35mBEGIN[0m
  ↳ bin/rails:9
  [1m[36mActiveRecord::InternalMetadata Create (0.5ms)[0m  [1m[32mINSERT INTO "ar_internal_metadata" ("key", "value", "created_at", "updated_at") VALUES ($1, $2, $3, $4) RETURNING "key"[0m  [["key", "environment"], ["value", "development"], ["created_at", "2020-07-28 02:18:45.855265"], ["updated_at", "2020-07-28 02:18:45.855265"]]
  ↳ bin/rails:9
  [1m[35m (3.3ms)[0m  [1m[35mCOMMIT[0m
  ↳ bin/rails:9
  [1m[35m (0.4ms)[0m  [1m[34mSELECT pg_advisory_unlock(5235244664921973765)[0m
  ↳ bin/rails:9
  [1m[35m (0.4ms)[0m  [1m[34mSELECT "schema_migrations"."version" FROM "schema_migrations" ORDER BY "schema_migrations"."version" ASC[0m
  ↳ bin/rails:9
  [1m[35m (0.8ms)[0m  [1m[34mSELECT "schema_migrations"."version" FROM "schema_migrations" ORDER BY "schema_migrations"."version" ASC[0m
  ↳ bin/rails:9
  [1m[35m (0.8ms)[0m  [1m[34mSELECT "schema_migrations"."version" FROM "schema_migrations" ORDER BY "schema_migrations"."version" ASC[0m
  ↳ /Users/princesslauren/.rbenv/versions/2.5.1/bin/annotate:23
  [1m[35m (4.6ms)[0m  [1m[35mBEGIN[0m
  [1m[36mUser Exists (7.2ms)[0m  [1m[34mSELECT  1 AS one FROM "users" WHERE "users"."email" IS NULL LIMIT $1[0m  [["LIMIT", 1]]
  [1m[36mUser Exists (0.7ms)[0m  [1m[34mSELECT  1 AS one FROM "users" WHERE "users"."session_token" = $1 LIMIT $2[0m  [["session_token", "TozWgX3CADwmcGAcR6_U0Q"], ["LIMIT", 1]]
  [1m[35m (2.8ms)[0m  [1m[31mROLLBACK[0m
  [1m[36mUser Load (0.4ms)[0m  [1m[34mSELECT "users".* FROM "users"[0m
  [1m[35m (0.2ms)[0m  [1m[35mBEGIN[0m
  [1m[36mUser Exists (0.3ms)[0m  [1m[34mSELECT  1 AS one FROM "users" WHERE "users"."email" = $1 LIMIT $2[0m  [["email", "username"], ["LIMIT", 1]]
  [1m[36mUser Exists (0.2ms)[0m  [1m[34mSELECT  1 AS one FROM "users" WHERE "users"."session_token" = $1 LIMIT $2[0m  [["session_token", "uM80rNjSM70VwjA7QddnSA"], ["LIMIT", 1]]
  [1m[36mUser Create (8.6ms)[0m  [1m[32mINSERT INTO "users" ("email", "first_name", "password_digest", "session_token", "created_at", "updated_at") VALUES ($1, $2, $3, $4, $5, $6) RETURNING "id"[0m  [["email", "username"], ["first_name", "first_name"], ["password_digest", "$2a$12$xirkENY5S9pmJ4jRiEgxWuzPijkyHni5wgtpLD8J4AQWMz.UuCXNe"], ["session_token", "uM80rNjSM70VwjA7QddnSA"], ["created_at", "2020-07-28 15:21:12.725710"], ["updated_at", "2020-07-28 15:21:12.725710"]]
  [1m[35m (0.3ms)[0m  [1m[35mCOMMIT[0m
Started GET "/" for ::1 at 2020-07-28 13:36:27 -0400
  [1m[35m (4.0ms)[0m  [1m[34mSELECT "schema_migrations"."version" FROM "schema_migrations" ORDER BY "schema_migrations"."version" ASC[0m
  ↳ /Users/princesslauren/.rbenv/versions/2.5.1/lib/ruby/gems/2.5.0/gems/activerecord-5.2.4.3/lib/active_record/log_subscriber.rb:98
Processing by StaticPagesController#root as HTML
  Rendering static_pages/root.html within layouts/application
  Rendered static_pages/root.html within layouts/application (1.4ms)
Completed 200 OK in 1361ms (Views: 1354.3ms | ActiveRecord: 0.0ms)


Started GET "/" for ::1 at 2020-07-28 13:37:35 -0400
Processing by StaticPagesController#root as HTML
  Rendering static_pages/root.html within layouts/application
  Rendered static_pages/root.html within layouts/application (0.3ms)
Completed 200 OK in 40ms (Views: 37.3ms | ActiveRecord: 0.0ms)


Started GET "/" for ::1 at 2020-07-28 13:39:28 -0400
Processing by StaticPagesController#root as HTML
  Rendering static_pages/root.html within layouts/application
  Rendered static_pages/root.html within layouts/application (0.3ms)
Completed 200 OK in 22ms (Views: 21.1ms | ActiveRecord: 0.0ms)


Started GET "/" for ::1 at 2020-07-28 13:39:30 -0400
Processing by StaticPagesController#root as HTML
  Rendering static_pages/root.html within layouts/application
  Rendered static_pages/root.html within layouts/application (0.2ms)
Completed 200 OK in 20ms (Views: 19.2ms | ActiveRecord: 0.0ms)


Started GET "/" for ::1 at 2020-07-28 13:40:32 -0400
Processing by StaticPagesController#root as HTML
  Rendering static_pages/root.html within layouts/application
  Rendered static_pages/root.html within layouts/application (0.2ms)
Completed 200 OK in 28ms (Views: 26.7ms | ActiveRecord: 0.0ms)


Started GET "/" for ::1 at 2020-07-28 13:40:33 -0400
Processing by StaticPagesController#root as HTML
  Rendering static_pages/root.html within layouts/application
  Rendered static_pages/root.html within layouts/application (0.4ms)
Completed 200 OK in 23ms (Views: 21.4ms | ActiveRecord: 0.0ms)


Started GET "/" for ::1 at 2020-07-28 13:41:03 -0400
Processing by StaticPagesController#root as HTML
  Rendering static_pages/root.html within layouts/application
  Rendered static_pages/root.html within layouts/application (0.5ms)
Completed 200 OK in 376ms (Views: 371.8ms | ActiveRecord: 0.0ms)


Started GET "/" for ::1 at 2020-07-28 13:41:16 -0400
Processing by StaticPagesController#root as HTML
  Rendering static_pages/root.html within layouts/application
  Rendered static_pages/root.html within layouts/application (0.4ms)
Completed 200 OK in 360ms (Views: 356.3ms | ActiveRecord: 0.0ms)


Started GET "/" for ::1 at 2020-07-28 13:54:43 -0400
Processing by StaticPagesController#root as HTML
  Rendering static_pages/root.html within layouts/application
  Rendered static_pages/root.html within layouts/application (0.2ms)
Completed 200 OK in 30ms (Views: 28.6ms | ActiveRecord: 0.0ms)


Started GET "/" for ::1 at 2020-07-28 15:01:03 -0400
Processing by StaticPagesController#root as HTML
  Rendering static_pages/root.html within layouts/application
  Rendered static_pages/root.html within layouts/application (0.2ms)
Completed 200 OK in 246ms (Views: 244.3ms | ActiveRecord: 0.0ms)


Started GET "/" for ::1 at 2020-07-28 15:01:42 -0400
Processing by StaticPagesController#root as HTML
  Rendering static_pages/root.html within layouts/application
  Rendered static_pages/root.html within layouts/application (0.4ms)
Completed 200 OK in 211ms (Views: 209.3ms | ActiveRecord: 0.0ms)


Started GET "/" for ::1 at 2020-07-28 15:01:52 -0400
Processing by StaticPagesController#root as HTML
  Rendering static_pages/root.html within layouts/application
  Rendered static_pages/root.html within layouts/application (0.2ms)
Completed 200 OK in 214ms (Views: 211.9ms | ActiveRecord: 0.0ms)


